{"/home/ubuntu/Documents/repos/TwentyEightDaysNative/src/App.ts": {"path":"/home/ubuntu/Documents/repos/TwentyEightDaysNative/src/App.ts","statementMap":{"0":{"start":{"line":3,"column":19},"end":{"line":3,"column":25}}},"fnMap":{},"branchMap":{},"s":{"0":1},"f":{},"b":{},"_coverageSchema":"1a1c01bbd47fc00a2c39e90264f33305004495a9","hash":"27f2730db9d13a665eea93981f10339966c6fedb"}
,"/home/ubuntu/Documents/repos/TwentyEightDaysNative/src/controller/calculate.ts": {"path":"/home/ubuntu/Documents/repos/TwentyEightDaysNative/src/controller/calculate.ts","statementMap":{"0":{"start":{"line":3,"column":14},"end":{"line":3,"column":77}},"1":{"start":{"line":4,"column":2},"end":{"line":4,"column":24}},"2":{"start":{"line":7,"column":2},"end":{"line":9,"column":3}},"3":{"start":{"line":8,"column":4},"end":{"line":8,"column":13}},"4":{"start":{"line":10,"column":25},"end":{"line":10,"column":27}},"5":{"start":{"line":11,"column":2},"end":{"line":16,"column":3}},"6":{"start":{"line":11,"column":15},"end":{"line":11,"column":16}},"7":{"start":{"line":13,"column":6},"end":{"line":14,"column":27}},"8":{"start":{"line":15,"column":4},"end":{"line":15,"column":40}},"9":{"start":{"line":17,"column":2},"end":{"line":17,"column":23}},"10":{"start":{"line":20,"column":27},"end":{"line":20,"column":49}},"11":{"start":{"line":21,"column":12},"end":{"line":21,"column":13}},"12":{"start":{"line":22,"column":2},"end":{"line":24,"column":3}},"13":{"start":{"line":22,"column":15},"end":{"line":22,"column":16}},"14":{"start":{"line":23,"column":4},"end":{"line":23,"column":22}},"15":{"start":{"line":25,"column":2},"end":{"line":25,"column":30}},"16":{"start":{"line":28,"column":27},"end":{"line":28,"column":49}},"17":{"start":{"line":29,"column":24},"end":{"line":29,"column":48}},"18":{"start":{"line":30,"column":26},"end":{"line":30,"column":27}},"19":{"start":{"line":31,"column":2},"end":{"line":33,"column":3}},"20":{"start":{"line":32,"column":4},"end":{"line":32,"column":52}},"21":{"start":{"line":34,"column":2},"end":{"line":34,"column":65}}},"fnMap":{"0":{"name":"currentDuration","decl":{"start":{"line":2,"column":16},"end":{"line":2,"column":31}},"loc":{"start":{"line":2,"column":44},"end":{"line":5,"column":1}},"line":2},"1":{"name":"cycleDuration","decl":{"start":{"line":6,"column":16},"end":{"line":6,"column":29}},"loc":{"start":{"line":6,"column":49},"end":{"line":18,"column":1}},"line":6},"2":{"name":"averageDuration","decl":{"start":{"line":19,"column":16},"end":{"line":19,"column":31}},"loc":{"start":{"line":19,"column":51},"end":{"line":26,"column":1}},"line":19},"3":{"name":"deviationDuration","decl":{"start":{"line":27,"column":16},"end":{"line":27,"column":33}},"loc":{"start":{"line":27,"column":53},"end":{"line":35,"column":1}},"line":27}},"branchMap":{"0":{"loc":{"start":{"line":7,"column":2},"end":{"line":9,"column":3}},"type":"if","locations":[{"start":{"line":7,"column":2},"end":{"line":9,"column":3}},{"start":{},"end":{}}],"line":7}},"s":{"0":3,"1":3,"2":13,"3":5,"4":8,"5":8,"6":8,"7":11,"8":11,"9":8,"10":6,"11":6,"12":6,"13":6,"14":6,"15":6,"16":3,"17":3,"18":3,"19":3,"20":3,"21":3},"f":{"0":3,"1":13,"2":6,"3":3},"b":{"0":[5,8]},"_coverageSchema":"1a1c01bbd47fc00a2c39e90264f33305004495a9","hash":"e5749c7f6196514b90bf372d3ae9b5509bda0ca5"}
,"/home/ubuntu/Documents/repos/TwentyEightDaysNative/src/model/exampleSlice.ts": {"path":"/home/ubuntu/Documents/repos/TwentyEightDaysNative/src/model/exampleSlice.ts","statementMap":{"0":{"start":{"line":3,"column":21},"end":{"line":16,"column":2}},"1":{"start":{"line":10,"column":6},"end":{"line":10,"column":22}},"2":{"start":{"line":13,"column":6},"end":{"line":13,"column":22}},"3":{"start":{"line":18,"column":30},"end":{"line":18,"column":50}}},"fnMap":{"0":{"name":"(anonymous_0)","decl":{"start":{"line":9,"column":17},"end":{"line":9,"column":18}},"loc":{"start":{"line":9,"column":26},"end":{"line":11,"column":5}},"line":9},"1":{"name":"(anonymous_1)","decl":{"start":{"line":12,"column":17},"end":{"line":12,"column":18}},"loc":{"start":{"line":12,"column":26},"end":{"line":14,"column":5}},"line":12}},"branchMap":{},"s":{"0":1,"1":0,"2":0,"3":1},"f":{"0":0,"1":0},"b":{},"_coverageSchema":"1a1c01bbd47fc00a2c39e90264f33305004495a9","hash":"d515dee1eb62ccf3dcb6fcbf8d1048abfe8dcfc3"}
,"/home/ubuntu/Documents/repos/TwentyEightDaysNative/src/model/index.ts": {"path":"/home/ubuntu/Documents/repos/TwentyEightDaysNative/src/model/index.ts","statementMap":{"0":{"start":{"line":5,"column":27},"end":{"line":7,"column":2}},"1":{"start":{"line":11,"column":27},"end":{"line":14,"column":4}},"2":{"start":{"line":12,"column":2},"end":{"line":14,"column":4}},"3":{"start":{"line":16,"column":21},"end":{"line":16,"column":34}},"4":{"start":{"line":20,"column":30},"end":{"line":20,"column":62}},"5":{"start":{"line":20,"column":36},"end":{"line":20,"column":62}},"6":{"start":{"line":22,"column":30},"end":{"line":23,"column":37}},"7":{"start":{"line":23,"column":2},"end":{"line":23,"column":37}}},"fnMap":{"0":{"name":"(anonymous_0)","decl":{"start":{"line":11,"column":27},"end":{"line":11,"column":28}},"loc":{"start":{"line":12,"column":2},"end":{"line":14,"column":4}},"line":12},"1":{"name":"(anonymous_1)","decl":{"start":{"line":20,"column":30},"end":{"line":20,"column":31}},"loc":{"start":{"line":20,"column":36},"end":{"line":20,"column":62}},"line":20},"2":{"name":"(anonymous_2)","decl":{"start":{"line":22,"column":30},"end":{"line":22,"column":31}},"loc":{"start":{"line":23,"column":2},"end":{"line":23,"column":37}},"line":23}},"branchMap":{},"s":{"0":1,"1":1,"2":1,"3":1,"4":1,"5":0,"6":1,"7":0},"f":{"0":1,"1":0,"2":0},"b":{},"_coverageSchema":"1a1c01bbd47fc00a2c39e90264f33305004495a9","hash":"55b7d7ab1f3a754d4bfb6bdcbaf54cbca08d8b46"}
,"/home/ubuntu/Documents/repos/TwentyEightDaysNative/src/model/storage.ts": {"path":"/home/ubuntu/Documents/repos/TwentyEightDaysNative/src/model/storage.ts","statementMap":{"0":{"start":{"line":14,"column":18},"end":{"line":14,"column":40}},"1":{"start":{"line":15,"column":2},"end":{"line":25,"column":3}},"2":{"start":{"line":16,"column":17},"end":{"line":16,"column":28}},"3":{"start":{"line":17,"column":20},"end":{"line":17,"column":34}},"4":{"start":{"line":18,"column":4},"end":{"line":24,"column":5}},"5":{"start":{"line":23,"column":6},"end":{"line":23,"column":20}},"6":{"start":{"line":26,"column":2},"end":{"line":26,"column":25}},"7":{"start":{"line":27,"column":2},"end":{"line":29,"column":3}},"8":{"start":{"line":28,"column":22},"end":{"line":28,"column":40}},"9":{"start":{"line":30,"column":2},"end":{"line":30,"column":16}},"10":{"start":{"line":34,"column":24},"end":{"line":34,"column":64}},"11":{"start":{"line":35,"column":2},"end":{"line":49,"column":3}},"12":{"start":{"line":36,"column":4},"end":{"line":38,"column":5}},"13":{"start":{"line":37,"column":6},"end":{"line":37,"column":24}},"14":{"start":{"line":39,"column":4},"end":{"line":39,"column":25}},"15":{"start":{"line":41,"column":18},"end":{"line":41,"column":55}},"16":{"start":{"line":42,"column":4},"end":{"line":44,"column":5}},"17":{"start":{"line":43,"column":6},"end":{"line":43,"column":41}},"18":{"start":{"line":45,"column":4},"end":{"line":47,"column":6}},"19":{"start":{"line":46,"column":6},"end":{"line":46,"column":48}},"20":{"start":{"line":48,"column":4},"end":{"line":48,"column":18}},"21":{"start":{"line":53,"column":18},"end":{"line":53,"column":38}},"22":{"start":{"line":54,"column":25},"end":{"line":54,"column":27}},"23":{"start":{"line":55,"column":2},"end":{"line":59,"column":3}},"24":{"start":{"line":56,"column":4},"end":{"line":58,"column":5}},"25":{"start":{"line":57,"column":6},"end":{"line":57,"column":33}},"26":{"start":{"line":60,"column":2},"end":{"line":60,"column":74}},"27":{"start":{"line":61,"column":2},"end":{"line":61,"column":31}},"28":{"start":{"line":64,"column":32},"end":{"line":68,"column":1}}},"fnMap":{"0":{"name":"pushAsyncPeriod","decl":{"start":{"line":13,"column":15},"end":{"line":13,"column":30}},"loc":{"start":{"line":13,"column":50},"end":{"line":31,"column":1}},"line":13},"1":{"name":"(anonymous_1)","decl":{"start":{"line":28,"column":4},"end":{"line":28,"column":5}},"loc":{"start":{"line":28,"column":22},"end":{"line":28,"column":40}},"line":28},"2":{"name":"getAsyncPeriod","decl":{"start":{"line":33,"column":15},"end":{"line":33,"column":29}},"loc":{"start":{"line":33,"column":32},"end":{"line":50,"column":1}},"line":33},"3":{"name":"(anonymous_3)","decl":{"start":{"line":36,"column":57},"end":{"line":36,"column":58}},"loc":{"start":{"line":37,"column":6},"end":{"line":37,"column":24}},"line":37},"4":{"name":"(anonymous_4)","decl":{"start":{"line":45,"column":17},"end":{"line":45,"column":18}},"loc":{"start":{"line":45,"column":33},"end":{"line":47,"column":5}},"line":45},"5":{"name":"removeDate","decl":{"start":{"line":52,"column":15},"end":{"line":52,"column":25}},"loc":{"start":{"line":52,"column":50},"end":{"line":62,"column":1}},"line":52}},"branchMap":{"0":{"loc":{"start":{"line":18,"column":4},"end":{"line":24,"column":5}},"type":"if","locations":[{"start":{"line":18,"column":4},"end":{"line":24,"column":5}},{"start":{},"end":{}}],"line":18},"1":{"loc":{"start":{"line":19,"column":6},"end":{"line":21,"column":50}},"type":"binary-expr","locations":[{"start":{"line":19,"column":6},"end":{"line":19,"column":42}},{"start":{"line":20,"column":6},"end":{"line":20,"column":44}},{"start":{"line":21,"column":6},"end":{"line":21,"column":50}}],"line":19},"2":{"loc":{"start":{"line":35,"column":2},"end":{"line":49,"column":3}},"type":"if","locations":[{"start":{"line":35,"column":2},"end":{"line":49,"column":3}},{"start":{"line":40,"column":9},"end":{"line":49,"column":3}}],"line":35},"3":{"loc":{"start":{"line":35,"column":6},"end":{"line":35,"column":59}},"type":"binary-expr","locations":[{"start":{"line":35,"column":6},"end":{"line":35,"column":33}},{"start":{"line":35,"column":37},"end":{"line":35,"column":59}}],"line":35},"4":{"loc":{"start":{"line":56,"column":4},"end":{"line":58,"column":5}},"type":"if","locations":[{"start":{"line":56,"column":4},"end":{"line":58,"column":5}},{"start":{},"end":{}}],"line":56}},"s":{"0":2,"1":2,"2":4,"3":4,"4":4,"5":1,"6":1,"7":1,"8":0,"9":1,"10":7,"11":7,"12":0,"13":0,"14":0,"15":7,"16":7,"17":14,"18":7,"19":7,"20":7,"21":1,"22":1,"23":1,"24":2,"25":1,"26":1,"27":1,"28":1},"f":{"0":2,"1":0,"2":7,"3":0,"4":7,"5":1},"b":{"0":[1,3],"1":[4,1,1],"2":[0,7],"3":[7,7],"4":[1,1]},"_coverageSchema":"1a1c01bbd47fc00a2c39e90264f33305004495a9","hash":"e250afb5df0d80ffd0a6ed0de5e30f2904176745"}
,"/home/ubuntu/Documents/repos/TwentyEightDaysNative/src/view/components/buttons.tsx": {"path":"/home/ubuntu/Documents/repos/TwentyEightDaysNative/src/view/components/buttons.tsx","statementMap":{"0":{"start":{"line":5,"column":25},"end":{"line":27,"column":1}},"1":{"start":{"line":10,"column":2},"end":{"line":26,"column":3}},"2":{"start":{"line":28,"column":25},"end":{"line":50,"column":1}},"3":{"start":{"line":33,"column":2},"end":{"line":49,"column":3}},"4":{"start":{"line":51,"column":22},"end":{"line":64,"column":1}},"5":{"start":{"line":52,"column":2},"end":{"line":63,"column":3}}},"fnMap":{"0":{"name":"(anonymous_0)","decl":{"start":{"line":5,"column":25},"end":{"line":5,"column":26}},"loc":{"start":{"line":9,"column":6},"end":{"line":27,"column":1}},"line":9},"1":{"name":"(anonymous_1)","decl":{"start":{"line":28,"column":25},"end":{"line":28,"column":26}},"loc":{"start":{"line":32,"column":6},"end":{"line":50,"column":1}},"line":32},"2":{"name":"(anonymous_2)","decl":{"start":{"line":51,"column":22},"end":{"line":51,"column":23}},"loc":{"start":{"line":51,"column":78},"end":{"line":64,"column":1}},"line":51}},"branchMap":{},"s":{"0":1,"1":3,"2":1,"3":4,"4":1,"5":4},"f":{"0":3,"1":4,"2":4},"b":{},"_coverageSchema":"1a1c01bbd47fc00a2c39e90264f33305004495a9","hash":"0c2207f37796c8b40bd723995c23a00465491f81"}
,"/home/ubuntu/Documents/repos/TwentyEightDaysNative/src/view/components/datePicker.tsx": {"path":"/home/ubuntu/Documents/repos/TwentyEightDaysNative/src/view/components/datePicker.tsx","statementMap":{"0":{"start":{"line":6,"column":26},"end":{"line":28,"column":1}},"1":{"start":{"line":9,"column":17},"end":{"line":9,"column":37}},"2":{"start":{"line":10,"column":26},"end":{"line":10,"column":41}},"3":{"start":{"line":11,"column":2},"end":{"line":27,"column":3}},"4":{"start":{"line":13,"column":29},"end":{"line":13,"column":42}},"5":{"start":{"line":21,"column":12},"end":{"line":21,"column":35}},"6":{"start":{"line":22,"column":12},"end":{"line":22,"column":26}}},"fnMap":{"0":{"name":"(anonymous_0)","decl":{"start":{"line":6,"column":26},"end":{"line":6,"column":27}},"loc":{"start":{"line":8,"column":6},"end":{"line":28,"column":1}},"line":8},"1":{"name":"(anonymous_1)","decl":{"start":{"line":13,"column":23},"end":{"line":13,"column":24}},"loc":{"start":{"line":13,"column":29},"end":{"line":13,"column":42}},"line":13},"2":{"name":"(anonymous_2)","decl":{"start":{"line":20,"column":20},"end":{"line":20,"column":21}},"loc":{"start":{"line":20,"column":59},"end":{"line":23,"column":11}},"line":20}},"branchMap":{"0":{"loc":{"start":{"line":14,"column":7},"end":{"line":25,"column":7}},"type":"binary-expr","locations":[{"start":{"line":14,"column":7},"end":{"line":14,"column":11}},{"start":{"line":15,"column":8},"end":{"line":24,"column":10}}],"line":14}},"s":{"0":1,"1":3,"2":3,"3":3,"4":0,"5":0,"6":0},"f":{"0":3,"1":0,"2":0},"b":{"0":[3,0]},"_coverageSchema":"1a1c01bbd47fc00a2c39e90264f33305004495a9","hash":"e5bd5e9e2affa6beb8eb47d471049aeb4c71d1bf"}
,"/home/ubuntu/Documents/repos/TwentyEightDaysNative/src/view/components/periodTable.tsx": {"path":"/home/ubuntu/Documents/repos/TwentyEightDaysNative/src/view/components/periodTable.tsx","statementMap":{"0":{"start":{"line":6,"column":27},"end":{"line":33,"column":1}},"1":{"start":{"line":10,"column":2},"end":{"line":32,"column":3}},"2":{"start":{"line":13,"column":8},"end":{"line":29,"column":29}},"3":{"start":{"line":17,"column":12},"end":{"line":25,"column":14}},"4":{"start":{"line":22,"column":18},"end":{"line":22,"column":69}},"5":{"start":{"line":22,"column":49},"end":{"line":22,"column":68}}},"fnMap":{"0":{"name":"(anonymous_0)","decl":{"start":{"line":6,"column":27},"end":{"line":6,"column":28}},"loc":{"start":{"line":9,"column":6},"end":{"line":33,"column":1}},"line":9},"1":{"name":"(anonymous_1)","decl":{"start":{"line":12,"column":25},"end":{"line":12,"column":26}},"loc":{"start":{"line":13,"column":8},"end":{"line":29,"column":29}},"line":13},"2":{"name":"(anonymous_2)","decl":{"start":{"line":16,"column":19},"end":{"line":16,"column":20}},"loc":{"start":{"line":17,"column":12},"end":{"line":25,"column":14}},"line":17},"3":{"name":"(anonymous_3)","decl":{"start":{"line":21,"column":25},"end":{"line":21,"column":26}},"loc":{"start":{"line":21,"column":31},"end":{"line":23,"column":17}},"line":21},"4":{"name":"(anonymous_4)","decl":{"start":{"line":22,"column":44},"end":{"line":22,"column":45}},"loc":{"start":{"line":22,"column":49},"end":{"line":22,"column":68}},"line":22}},"branchMap":{},"s":{"0":1,"1":3,"2":5,"3":1,"4":0,"5":0},"f":{"0":3,"1":5,"2":1,"3":0,"4":0},"b":{},"_coverageSchema":"1a1c01bbd47fc00a2c39e90264f33305004495a9","hash":"19a368de18265a250648b134688a00fe2293a079"}
,"/home/ubuntu/Documents/repos/TwentyEightDaysNative/src/view/containers/DataScreen.tsx": {"path":"/home/ubuntu/Documents/repos/TwentyEightDaysNative/src/view/containers/DataScreen.tsx","statementMap":{"0":{"start":{"line":7,"column":26},"end":{"line":25,"column":1}},"1":{"start":{"line":8,"column":32},"end":{"line":8,"column":54}},"2":{"start":{"line":9,"column":21},"end":{"line":9,"column":31}},"3":{"start":{"line":10,"column":2},"end":{"line":10,"column":42}},"4":{"start":{"line":11,"column":2},"end":{"line":13,"column":8}},"5":{"start":{"line":12,"column":4},"end":{"line":12,"column":43}},"6":{"start":{"line":12,"column":29},"end":{"line":12,"column":42}},"7":{"start":{"line":14,"column":2},"end":{"line":24,"column":3}},"8":{"start":{"line":19,"column":8},"end":{"line":19,"column":43}}},"fnMap":{"0":{"name":"(anonymous_0)","decl":{"start":{"line":7,"column":26},"end":{"line":7,"column":27}},"loc":{"start":{"line":7,"column":32},"end":{"line":25,"column":1}},"line":7},"1":{"name":"(anonymous_1)","decl":{"start":{"line":11,"column":12},"end":{"line":11,"column":13}},"loc":{"start":{"line":11,"column":18},"end":{"line":13,"column":3}},"line":11},"2":{"name":"(anonymous_2)","decl":{"start":{"line":12,"column":24},"end":{"line":12,"column":25}},"loc":{"start":{"line":12,"column":29},"end":{"line":12,"column":42}},"line":12},"3":{"name":"(anonymous_3)","decl":{"start":{"line":18,"column":34},"end":{"line":18,"column":35}},"loc":{"start":{"line":18,"column":46},"end":{"line":20,"column":7}},"line":18}},"branchMap":{},"s":{"0":1,"1":3,"2":2,"3":2,"4":2,"5":1,"6":1,"7":2,"8":1},"f":{"0":3,"1":1,"2":1,"3":1},"b":{},"_coverageSchema":"1a1c01bbd47fc00a2c39e90264f33305004495a9","hash":"535fee9e540f3f088413541e435b4dcb421df77c"}
,"/home/ubuntu/Documents/repos/TwentyEightDaysNative/src/view/containers/Footer.tsx": {"path":"/home/ubuntu/Documents/repos/TwentyEightDaysNative/src/view/containers/Footer.tsx","statementMap":{"0":{"start":{"line":8,"column":22},"end":{"line":27,"column":1}},"1":{"start":{"line":9,"column":2},"end":{"line":26,"column":3}},"2":{"start":{"line":13,"column":10},"end":{"line":13,"column":39}},"3":{"start":{"line":20,"column":10},"end":{"line":20,"column":39}}},"fnMap":{"0":{"name":"(anonymous_0)","decl":{"start":{"line":8,"column":22},"end":{"line":8,"column":23}},"loc":{"start":{"line":8,"column":75},"end":{"line":27,"column":1}},"line":8},"1":{"name":"(anonymous_1)","decl":{"start":{"line":12,"column":17},"end":{"line":12,"column":18}},"loc":{"start":{"line":12,"column":23},"end":{"line":14,"column":9}},"line":12},"2":{"name":"(anonymous_2)","decl":{"start":{"line":19,"column":17},"end":{"line":19,"column":18}},"loc":{"start":{"line":19,"column":23},"end":{"line":21,"column":9}},"line":19}},"branchMap":{},"s":{"0":1,"1":2,"2":1,"3":0},"f":{"0":2,"1":1,"2":0},"b":{},"_coverageSchema":"1a1c01bbd47fc00a2c39e90264f33305004495a9","hash":"18e0907548e9ceb79eee23f419f00a923c10c39a"}
,"/home/ubuntu/Documents/repos/TwentyEightDaysNative/src/view/containers/Header.tsx": {"path":"/home/ubuntu/Documents/repos/TwentyEightDaysNative/src/view/containers/Header.tsx","statementMap":{"0":{"start":{"line":5,"column":22},"end":{"line":11,"column":1}},"1":{"start":{"line":6,"column":2},"end":{"line":10,"column":3}}},"fnMap":{"0":{"name":"(anonymous_0)","decl":{"start":{"line":5,"column":22},"end":{"line":5,"column":23}},"loc":{"start":{"line":5,"column":28},"end":{"line":11,"column":1}},"line":5}},"branchMap":{},"s":{"0":1,"1":1},"f":{"0":1},"b":{},"_coverageSchema":"1a1c01bbd47fc00a2c39e90264f33305004495a9","hash":"de6fd507c3139dcea0902b7b687c37ea837fbff8"}
,"/home/ubuntu/Documents/repos/TwentyEightDaysNative/src/view/containers/MainScreen.tsx": {"path":"/home/ubuntu/Documents/repos/TwentyEightDaysNative/src/view/containers/MainScreen.tsx","statementMap":{"0":{"start":{"line":10,"column":26},"end":{"line":51,"column":1}},"1":{"start":{"line":11,"column":32},"end":{"line":11,"column":74}},"2":{"start":{"line":12,"column":21},"end":{"line":12,"column":31}},"3":{"start":{"line":13,"column":2},"end":{"line":13,"column":42}},"4":{"start":{"line":14,"column":2},"end":{"line":16,"column":8}},"5":{"start":{"line":15,"column":4},"end":{"line":15,"column":43}},"6":{"start":{"line":15,"column":29},"end":{"line":15,"column":42}},"7":{"start":{"line":17,"column":2},"end":{"line":50,"column":3}},"8":{"start":{"line":31,"column":12},"end":{"line":33,"column":66}},"9":{"start":{"line":33,"column":26},"end":{"line":33,"column":65}},"10":{"start":{"line":33,"column":51},"end":{"line":33,"column":64}},"11":{"start":{"line":40,"column":12},"end":{"line":44,"column":13}},"12":{"start":{"line":41,"column":14},"end":{"line":43,"column":68}},"13":{"start":{"line":43,"column":28},"end":{"line":43,"column":67}},"14":{"start":{"line":43,"column":53},"end":{"line":43,"column":66}}},"fnMap":{"0":{"name":"(anonymous_0)","decl":{"start":{"line":10,"column":26},"end":{"line":10,"column":27}},"loc":{"start":{"line":10,"column":32},"end":{"line":51,"column":1}},"line":10},"1":{"name":"(anonymous_1)","decl":{"start":{"line":14,"column":12},"end":{"line":14,"column":13}},"loc":{"start":{"line":14,"column":18},"end":{"line":16,"column":3}},"line":14},"2":{"name":"(anonymous_2)","decl":{"start":{"line":15,"column":24},"end":{"line":15,"column":25}},"loc":{"start":{"line":15,"column":29},"end":{"line":15,"column":42}},"line":15},"3":{"name":"(anonymous_3)","decl":{"start":{"line":30,"column":19},"end":{"line":30,"column":20}},"loc":{"start":{"line":30,"column":25},"end":{"line":34,"column":11}},"line":30},"4":{"name":"(anonymous_4)","decl":{"start":{"line":33,"column":20},"end":{"line":33,"column":21}},"loc":{"start":{"line":33,"column":26},"end":{"line":33,"column":65}},"line":33},"5":{"name":"(anonymous_5)","decl":{"start":{"line":33,"column":46},"end":{"line":33,"column":47}},"loc":{"start":{"line":33,"column":51},"end":{"line":33,"column":64}},"line":33},"6":{"name":"(anonymous_6)","decl":{"start":{"line":39,"column":19},"end":{"line":39,"column":20}},"loc":{"start":{"line":39,"column":36},"end":{"line":45,"column":11}},"line":39},"7":{"name":"(anonymous_7)","decl":{"start":{"line":43,"column":22},"end":{"line":43,"column":23}},"loc":{"start":{"line":43,"column":28},"end":{"line":43,"column":67}},"line":43},"8":{"name":"(anonymous_8)","decl":{"start":{"line":43,"column":48},"end":{"line":43,"column":49}},"loc":{"start":{"line":43,"column":53},"end":{"line":43,"column":66}},"line":43}},"branchMap":{"0":{"loc":{"start":{"line":25,"column":27},"end":{"line":25,"column":78}},"type":"cond-expr","locations":[{"start":{"line":25,"column":50},"end":{"line":25,"column":65}},{"start":{"line":25,"column":68},"end":{"line":25,"column":78}}],"line":25},"1":{"loc":{"start":{"line":40,"column":12},"end":{"line":44,"column":13}},"type":"if","locations":[{"start":{"line":40,"column":12},"end":{"line":44,"column":13}},{"start":{},"end":{}}],"line":40}},"s":{"0":1,"1":2,"2":2,"3":2,"4":2,"5":1,"6":1,"7":2,"8":0,"9":0,"10":0,"11":0,"12":0,"13":0,"14":0},"f":{"0":2,"1":1,"2":1,"3":0,"4":0,"5":0,"6":0,"7":0,"8":0},"b":{"0":[2,0],"1":[0,0]},"_coverageSchema":"1a1c01bbd47fc00a2c39e90264f33305004495a9","hash":"cd9ed0823ac68b0082f99faaca9123e6aefa08ad"}
,"/home/ubuntu/Documents/repos/TwentyEightDaysNative/src/view/containers/Screen.tsx": {"path":"/home/ubuntu/Documents/repos/TwentyEightDaysNative/src/view/containers/Screen.tsx","statementMap":{"0":{"start":{"line":10,"column":22},"end":{"line":22,"column":1}},"1":{"start":{"line":11,"column":26},"end":{"line":11,"column":50}},"2":{"start":{"line":12,"column":2},"end":{"line":21,"column":3}}},"fnMap":{"0":{"name":"(anonymous_0)","decl":{"start":{"line":10,"column":22},"end":{"line":10,"column":23}},"loc":{"start":{"line":10,"column":28},"end":{"line":22,"column":1}},"line":10}},"branchMap":{},"s":{"0":1,"1":1,"2":1},"f":{"0":1},"b":{},"_coverageSchema":"1a1c01bbd47fc00a2c39e90264f33305004495a9","hash":"dcc5c3f5ae0ba6b4dfb8b734b5ce3b3f5a0e45b3"}
,"/home/ubuntu/Documents/repos/TwentyEightDaysNative/src/view/ressources/table.png": {"path":"/home/ubuntu/Documents/repos/TwentyEightDaysNative/src/view/ressources/table.png","statementMap":{"0":{"start":{"line":1,"column":0},"end":{"line":4,"column":6}}},"fnMap":{},"branchMap":{},"s":{"0":1},"f":{},"b":{},"inputSourceMap":null,"_coverageSchema":"1a1c01bbd47fc00a2c39e90264f33305004495a9","hash":"39a52c739a0886d9076460e144cbfcf4c34d8e5f"}
,"/home/ubuntu/Documents/repos/TwentyEightDaysNative/src/view/ressources/today.png": {"path":"/home/ubuntu/Documents/repos/TwentyEightDaysNative/src/view/ressources/today.png","statementMap":{"0":{"start":{"line":1,"column":0},"end":{"line":4,"column":6}}},"fnMap":{},"branchMap":{},"s":{"0":1},"f":{},"b":{},"inputSourceMap":null,"_coverageSchema":"1a1c01bbd47fc00a2c39e90264f33305004495a9","hash":"09a627b7a03dabb418e301cc73748114c11028b4"}
,"/home/ubuntu/Documents/repos/TwentyEightDaysNative/src/view/ressources/white_today.png": {"path":"/home/ubuntu/Documents/repos/TwentyEightDaysNative/src/view/ressources/white_today.png","statementMap":{"0":{"start":{"line":1,"column":0},"end":{"line":4,"column":6}}},"fnMap":{},"branchMap":{},"s":{"0":1},"f":{},"b":{},"inputSourceMap":null,"_coverageSchema":"1a1c01bbd47fc00a2c39e90264f33305004495a9","hash":"f2bb260be3a1ccfa43707daa8eb3ee5917650c2e"}
}
