TN:
SF:src/App.ts
FNF:0
FNH:0
DA:3,1
LF:1
LH:1
BRF:0
BRH:0
end_of_record
TN:
SF:src/controller/calculate.ts
FN:2,currentDuration
FN:6,cycleDuration
FN:19,averageDuration
FN:27,deviationDuration
FNF:4
FNH:4
FNDA:3,currentDuration
FNDA:13,cycleDuration
FNDA:6,averageDuration
FNDA:3,deviationDuration
DA:3,3
DA:4,3
DA:7,13
DA:8,5
DA:10,8
DA:11,8
DA:13,11
DA:15,11
DA:17,8
DA:20,6
DA:21,6
DA:22,6
DA:23,6
DA:25,6
DA:28,3
DA:29,3
DA:30,3
DA:31,3
DA:32,3
DA:34,3
LF:20
LH:20
BRDA:7,0,0,5
BRDA:7,0,1,8
BRF:2
BRH:2
end_of_record
TN:
SF:src/model/exampleSlice.ts
FN:9,(anonymous_0)
FN:12,(anonymous_1)
FNF:2
FNH:0
FNDA:0,(anonymous_0)
FNDA:0,(anonymous_1)
DA:3,1
DA:10,0
DA:13,0
DA:18,1
LF:4
LH:2
BRF:0
BRH:0
end_of_record
TN:
SF:src/model/index.ts
FN:11,(anonymous_0)
FN:20,(anonymous_1)
FN:22,(anonymous_2)
FNF:3
FNH:1
FNDA:1,(anonymous_0)
FNDA:0,(anonymous_1)
FNDA:0,(anonymous_2)
DA:5,1
DA:11,1
DA:12,1
DA:16,1
DA:20,1
DA:22,1
DA:23,0
LF:7
LH:6
BRF:0
BRH:0
end_of_record
TN:
SF:src/model/storage.ts
FN:13,pushAsyncPeriod
FN:28,(anonymous_1)
FN:33,getAsyncPeriod
FN:36,(anonymous_3)
FN:45,(anonymous_4)
FN:52,removeDate
FNF:6
FNH:4
FNDA:2,pushAsyncPeriod
FNDA:0,(anonymous_1)
FNDA:7,getAsyncPeriod
FNDA:0,(anonymous_3)
FNDA:7,(anonymous_4)
FNDA:1,removeDate
DA:14,2
DA:15,2
DA:16,4
DA:17,4
DA:18,4
DA:23,1
DA:26,1
DA:27,1
DA:28,0
DA:30,1
DA:34,7
DA:35,7
DA:36,0
DA:37,0
DA:39,0
DA:41,7
DA:42,7
DA:43,14
DA:45,7
DA:46,7
DA:48,7
DA:53,1
DA:54,1
DA:55,1
DA:56,2
DA:57,1
DA:60,1
DA:61,1
DA:64,1
LF:29
LH:25
BRDA:18,0,0,1
BRDA:18,0,1,3
BRDA:19,1,0,4
BRDA:19,1,1,1
BRDA:19,1,2,1
BRDA:35,2,0,0
BRDA:35,2,1,7
BRDA:35,3,0,7
BRDA:35,3,1,7
BRDA:56,4,0,1
BRDA:56,4,1,1
BRF:11
BRH:10
end_of_record
TN:
SF:src/view/components/buttons.tsx
FN:5,(anonymous_0)
FN:28,(anonymous_1)
FN:51,(anonymous_2)
FNF:3
FNH:3
FNDA:3,(anonymous_0)
FNDA:4,(anonymous_1)
FNDA:4,(anonymous_2)
DA:5,1
DA:10,3
DA:28,1
DA:33,4
DA:51,1
DA:52,4
LF:6
LH:6
BRF:0
BRH:0
end_of_record
TN:
SF:src/view/components/datePicker.tsx
FN:6,(anonymous_0)
FN:13,(anonymous_1)
FN:20,(anonymous_2)
FNF:3
FNH:1
FNDA:3,(anonymous_0)
FNDA:0,(anonymous_1)
FNDA:0,(anonymous_2)
DA:6,1
DA:9,3
DA:10,3
DA:11,3
DA:13,0
DA:21,0
DA:22,0
LF:7
LH:4
BRDA:14,0,0,3
BRDA:14,0,1,0
BRF:2
BRH:1
end_of_record
TN:
SF:src/view/components/periodTable.tsx
FN:6,(anonymous_0)
FN:12,(anonymous_1)
FN:16,(anonymous_2)
FN:21,(anonymous_3)
FN:22,(anonymous_4)
FNF:5
FNH:3
FNDA:3,(anonymous_0)
FNDA:5,(anonymous_1)
FNDA:1,(anonymous_2)
FNDA:0,(anonymous_3)
FNDA:0,(anonymous_4)
DA:6,1
DA:10,3
DA:13,5
DA:17,1
DA:22,0
LF:5
LH:4
BRF:0
BRH:0
end_of_record
TN:
SF:src/view/containers/DataScreen.tsx
FN:7,(anonymous_0)
FN:11,(anonymous_1)
FN:12,(anonymous_2)
FN:18,(anonymous_3)
FNF:4
FNH:4
FNDA:3,(anonymous_0)
FNDA:1,(anonymous_1)
FNDA:1,(anonymous_2)
FNDA:1,(anonymous_3)
DA:7,1
DA:8,3
DA:9,2
DA:10,2
DA:11,2
DA:12,1
DA:14,2
DA:19,1
LF:8
LH:8
BRF:0
BRH:0
end_of_record
TN:
SF:src/view/containers/Footer.tsx
FN:8,(anonymous_0)
FN:12,(anonymous_1)
FN:19,(anonymous_2)
FNF:3
FNH:2
FNDA:2,(anonymous_0)
FNDA:1,(anonymous_1)
FNDA:0,(anonymous_2)
DA:8,1
DA:9,2
DA:13,1
DA:20,0
LF:4
LH:3
BRF:0
BRH:0
end_of_record
TN:
SF:src/view/containers/Header.tsx
FN:5,(anonymous_0)
FNF:1
FNH:1
FNDA:1,(anonymous_0)
DA:5,1
DA:6,1
LF:2
LH:2
BRF:0
BRH:0
end_of_record
TN:
SF:src/view/containers/MainScreen.tsx
FN:10,(anonymous_0)
FN:14,(anonymous_1)
FN:15,(anonymous_2)
FN:30,(anonymous_3)
FN:33,(anonymous_4)
FN:33,(anonymous_5)
FN:39,(anonymous_6)
FN:43,(anonymous_7)
FN:43,(anonymous_8)
FNF:9
FNH:3
FNDA:2,(anonymous_0)
FNDA:1,(anonymous_1)
FNDA:1,(anonymous_2)
FNDA:0,(anonymous_3)
FNDA:0,(anonymous_4)
FNDA:0,(anonymous_5)
FNDA:0,(anonymous_6)
FNDA:0,(anonymous_7)
FNDA:0,(anonymous_8)
DA:10,1
DA:11,2
DA:12,2
DA:13,2
DA:14,2
DA:15,1
DA:17,2
DA:31,0
DA:33,0
DA:40,0
DA:41,0
DA:43,0
LF:12
LH:7
BRDA:25,0,0,2
BRDA:25,0,1,0
BRDA:40,1,0,0
BRDA:40,1,1,0
BRF:4
BRH:1
end_of_record
TN:
SF:src/view/containers/Screen.tsx
FN:10,(anonymous_0)
FNF:1
FNH:1
FNDA:1,(anonymous_0)
DA:10,1
DA:11,1
DA:12,1
LF:3
LH:3
BRF:0
BRH:0
end_of_record
TN:
SF:src/view/ressources/table.png
FNF:0
FNH:0
DA:1,1
LF:1
LH:1
BRF:0
BRH:0
end_of_record
TN:
SF:src/view/ressources/today.png
FNF:0
FNH:0
DA:1,1
LF:1
LH:1
BRF:0
BRH:0
end_of_record
TN:
SF:src/view/ressources/white_today.png
FNF:0
FNH:0
DA:1,1
LF:1
LH:1
BRF:0
BRH:0
end_of_record
